<?xml version="1.0" encoding="UTF-8"?>
<testng-results skipped="0" failed="0" ignored="0" total="1" passed="1">
  <reporter-output>
  </reporter-output>
  <suite name="Default suite" duration-ms="2833" started-at="2019-02-04T04:26:07Z" finished-at="2019-02-04T04:26:10Z">
    <groups>
    </groups>
    <test name="Default test" duration-ms="2833" started-at="2019-02-04T04:26:07Z" finished-at="2019-02-04T04:26:10Z">
      <class name="com.myFirst_GradleProject.GoogleTest">
        <test-method status="PASS" signature="googleTitleTest()[pri:0, instance:com.myFirst_GradleProject.GoogleTest@ea1a8d5]" name="googleTitleTest" duration-ms="2796" started-at="2019-02-04T04:26:08Z" finished-at="2019-02-04T04:26:10Z">
          <reporter-output>
          </reporter-output>
        </test-method> <!-- googleTitleTest -->
      </class> <!-- com.myFirst_GradleProject.GoogleTest -->
    </test> <!-- Default test -->
  </suite> <!-- Default suite -->
</testng-results>
